mode: set
github.com/cypherlabdev/notification-service/internal/websocket/client.go:29.98,38.2 1 1
github.com/cypherlabdev/notification-service/internal/websocket/client.go:41.29,42.15 1 1
github.com/cypherlabdev/notification-service/internal/websocket/client.go:42.15,45.3 2 1
github.com/cypherlabdev/notification-service/internal/websocket/client.go:47.2,49.43 3 1
github.com/cypherlabdev/notification-service/internal/websocket/client.go:49.43,52.3 2 0
github.com/cypherlabdev/notification-service/internal/websocket/client.go:54.2,54.6 1 1
github.com/cypherlabdev/notification-service/internal/websocket/client.go:54.6,56.17 2 1
github.com/cypherlabdev/notification-service/internal/websocket/client.go:56.17,57.103 1 1
github.com/cypherlabdev/notification-service/internal/websocket/client.go:57.103,59.5 1 0
github.com/cypherlabdev/notification-service/internal/websocket/client.go:60.4,60.9 1 1
github.com/cypherlabdev/notification-service/internal/websocket/client.go:66.30,68.15 2 1
github.com/cypherlabdev/notification-service/internal/websocket/client.go:68.15,71.3 2 1
github.com/cypherlabdev/notification-service/internal/websocket/client.go:73.2,73.6 1 1
github.com/cypherlabdev/notification-service/internal/websocket/client.go:73.6,74.10 1 1
github.com/cypherlabdev/notification-service/internal/websocket/client.go:75.32,77.11 2 1
github.com/cypherlabdev/notification-service/internal/websocket/client.go:77.11,80.5 2 1
github.com/cypherlabdev/notification-service/internal/websocket/client.go:82.4,83.18 2 1
github.com/cypherlabdev/notification-service/internal/websocket/client.go:83.18,85.5 1 0
github.com/cypherlabdev/notification-service/internal/websocket/client.go:86.4,88.36 2 1
github.com/cypherlabdev/notification-service/internal/websocket/client.go:88.36,90.5 1 0
github.com/cypherlabdev/notification-service/internal/websocket/client.go:92.19,94.74 2 0
github.com/cypherlabdev/notification-service/internal/websocket/client.go:94.74,96.5 1 0
github.com/cypherlabdev/notification-service/internal/websocket/hub.go:30.41,39.2 1 1
github.com/cypherlabdev/notification-service/internal/websocket/hub.go:42.21,43.6 1 1
github.com/cypherlabdev/notification-service/internal/websocket/hub.go:43.6,44.10 1 1
github.com/cypherlabdev/notification-service/internal/websocket/hub.go:45.31,48.28 3 1
github.com/cypherlabdev/notification-service/internal/websocket/hub.go:48.28,50.5 1 1
github.com/cypherlabdev/notification-service/internal/websocket/hub.go:51.4,52.72 2 1
github.com/cypherlabdev/notification-service/internal/websocket/hub.go:54.33,56.38 2 1
github.com/cypherlabdev/notification-service/internal/websocket/hub.go:56.38,60.29 3 1
github.com/cypherlabdev/notification-service/internal/websocket/hub.go:60.29,62.30 2 1
github.com/cypherlabdev/notification-service/internal/websocket/hub.go:62.30,63.22 1 1
github.com/cypherlabdev/notification-service/internal/websocket/hub.go:63.22,65.13 2 1
github.com/cypherlabdev/notification-service/internal/websocket/hub.go:70.4,71.74 2 1
github.com/cypherlabdev/notification-service/internal/websocket/hub.go:73.33,74.31 1 1
github.com/cypherlabdev/notification-service/internal/websocket/hub.go:80.86,87.2 2 1
github.com/cypherlabdev/notification-service/internal/websocket/hub.go:90.67,96.2 2 1
github.com/cypherlabdev/notification-service/internal/websocket/hub.go:98.50,100.16 2 1
github.com/cypherlabdev/notification-service/internal/websocket/hub.go:100.16,103.3 2 1
github.com/cypherlabdev/notification-service/internal/websocket/hub.go:105.2,108.27 3 1
github.com/cypherlabdev/notification-service/internal/websocket/hub.go:108.27,110.55 1 1
github.com/cypherlabdev/notification-service/internal/websocket/hub.go:110.55,111.11 1 1
github.com/cypherlabdev/notification-service/internal/websocket/hub.go:112.29,112.29 0 1
github.com/cypherlabdev/notification-service/internal/websocket/hub.go:113.12,115.74 1 1
github.com/cypherlabdev/notification-service/internal/websocket/hub.go:118.8,120.33 1 1
github.com/cypherlabdev/notification-service/internal/websocket/hub.go:120.33,121.11 1 1
github.com/cypherlabdev/notification-service/internal/websocket/hub.go:122.29,122.29 0 1
github.com/cypherlabdev/notification-service/internal/websocket/hub.go:123.12,124.74 1 0
